mode: set
github.com/SaiKumarThota9/bookings/internal/handlers/handlers.go:24.47,28.2 1 1
github.com/SaiKumarThota9/bookings/internal/handlers/handlers.go:31.33,33.2 1 1
github.com/SaiKumarThota9/bookings/internal/handlers/handlers.go:36.67,41.2 3 1
github.com/SaiKumarThota9/bookings/internal/handlers/handlers.go:44.68,56.2 5 1
github.com/SaiKumarThota9/bookings/internal/handlers/handlers.go:59.74,69.2 4 1
github.com/SaiKumarThota9/bookings/internal/handlers/handlers.go:72.78,74.16 2 1
github.com/SaiKumarThota9/bookings/internal/handlers/handlers.go:79.2,92.19 6 1
github.com/SaiKumarThota9/bookings/internal/handlers/handlers.go:101.2,103.66 2 1
github.com/SaiKumarThota9/bookings/internal/handlers/handlers.go:74.16,77.3 2 0
github.com/SaiKumarThota9/bookings/internal/handlers/handlers.go:92.19,100.3 4 0
github.com/SaiKumarThota9/bookings/internal/handlers/handlers.go:107.71,109.2 1 1
github.com/SaiKumarThota9/bookings/internal/handlers/handlers.go:112.69,114.2 1 1
github.com/SaiKumarThota9/bookings/internal/handlers/handlers.go:117.75,119.2 1 1
github.com/SaiKumarThota9/bookings/internal/handlers/handlers.go:122.79,127.2 3 1
github.com/SaiKumarThota9/bookings/internal/handlers/handlers.go:135.79,142.16 3 1
github.com/SaiKumarThota9/bookings/internal/handlers/handlers.go:146.2,147.14 2 1
github.com/SaiKumarThota9/bookings/internal/handlers/handlers.go:142.16,144.3 1 0
github.com/SaiKumarThota9/bookings/internal/handlers/handlers.go:151.70,153.2 1 1
github.com/SaiKumarThota9/bookings/internal/handlers/handlers.go:155.81,157.9 2 1
github.com/SaiKumarThota9/bookings/internal/handlers/handlers.go:163.2,170.4 4 0
github.com/SaiKumarThota9/bookings/internal/handlers/handlers.go:157.9,162.3 4 1
